[2020-10-19 20:17:49,163] <pid:1391> [APP.PY] Sarted Proofpoint Connector for VMware Carbon Black Cloud
[2020-10-19 20:17:49,169] <pid:1391> [Database] Initializing
[2020-10-19 20:17:49,169] <pid:1391> [Database] Connecting to database: app.sql
[2020-10-19 20:17:49,170] <pid:1391> [Database] Connected to app.sql using sqlite 2.6.0
[2020-10-19 20:17:49,178] <pid:1391> [Database] Created tables and added current timestamp as last pull time
[2020-10-19 20:17:49,178] <pid:1391> [CarbonBlackCloud] Initializing
[2020-10-19 20:17:49,179] <pid:1391> [Proofpoint] Initializing
[2020-10-19 20:17:49,179] <pid:1391> [Database] Getting last pull
[2020-10-19 20:17:49,179] <pid:1391> [Proofpoint] Getting delivered messages within 2020-10-19T20:17:49.000Z/2020-10-19T19:47:49Z
[2020-10-19 20:17:49,182] <pid:1391> Starting new HTTPS connection (1): tap-api-v2.proofpoint.com:443
[2020-10-19 20:21:14,167] <pid:384> [APP.PY] Sarted Proofpoint Connector for VMware Carbon Black Cloud
[2020-10-19 20:21:14,183] <pid:384> [Database] Initializing
[2020-10-19 20:21:14,183] <pid:384> [Database] Connecting to database: app.sql
[2020-10-19 20:21:14,184] <pid:384> [Database] Connected to app.sql using sqlite 2.6.0
[2020-10-19 20:21:14,184] <pid:384> [CarbonBlackCloud] Initializing
[2020-10-19 20:21:14,185] <pid:384> [Proofpoint] Initializing
[2020-10-19 20:21:14,185] <pid:384> [Database] Getting last pull
[2020-10-19 20:21:14,185] <pid:384> [Proofpoint] Getting delivered messages within 2020-10-19T20:17:49.000Z/2020-10-19T19:51:14Z
[2020-10-19 20:21:14,188] <pid:384> Starting new HTTPS connection (1): tap-api-v2.proofpoint.com:443
[2020-10-19 20:21:15,319] <pid:384> https://tap-api-v2.proofpoint.com:443 "GET /v2/siem/messages/delivered?interval=2020-10-19T20%3A17%3A49.000Z%2F2020-10-19T19%3A51%3A14Z&format=JSON&threatType=attachment HTTP/1.1" 400 118
[2020-10-19 20:21:15,322] <pid:384> [Proofpoint] Unable to pull delivered messages: 400 The duration needs to be an ISO8601 formatted interval. 2020-10-19T20:17:49.000Z/2020-10-19T19:51:14Z isn't acceptable
[2020-10-19 20:25:06,699] <pid:688> [APP.PY] Sarted Proofpoint Connector for VMware Carbon Black Cloud
[2020-10-19 20:25:06,701] <pid:688> [Database] Initializing
[2020-10-19 20:25:06,701] <pid:688> [Database] Connecting to database: app.sql
[2020-10-19 20:25:06,702] <pid:688> [Database] Connected to app.sql using sqlite 2.6.0
[2020-10-19 20:25:06,708] <pid:688> [Database] Created tables and added current timestamp as last pull time
[2020-10-19 20:25:06,708] <pid:688> [CarbonBlackCloud] Initializing
[2020-10-19 20:25:06,708] <pid:688> [Proofpoint] Initializing
[2020-10-19 20:25:06,708] <pid:688> [Database] Getting last pull
[2020-10-19 20:25:06,709] <pid:688> [Proofpoint] Getting delivered messages within 2020-10-19T20:25:06.000Z/2020-10-19T19:55:06Z
[2020-10-19 20:25:06,711] <pid:688> Starting new HTTPS connection (1): tap-api-v2.proofpoint.com:443
[2020-10-19 20:25:08,498] <pid:688> https://tap-api-v2.proofpoint.com:443 "GET /v2/siem/messages/delivered?interval=2020-10-19T20%3A25%3A06.000Z%2F2020-10-19T19%3A55%3A06Z&format=JSON&threatType=attachment HTTP/1.1" 400 118
[2020-10-19 20:25:08,501] <pid:688> [Proofpoint] Unable to pull delivered messages: 400 The duration needs to be an ISO8601 formatted interval. 2020-10-19T20:25:06.000Z/2020-10-19T19:55:06Z isn't acceptable
[2020-10-19 20:25:42,344] <pid:848> [APP.PY] Sarted Proofpoint Connector for VMware Carbon Black Cloud
[2020-10-19 20:25:42,346] <pid:848> [Database] Initializing
[2020-10-19 20:25:42,347] <pid:848> [Database] Connecting to database: app.sql
[2020-10-19 20:25:42,347] <pid:848> [Database] Connected to app.sql using sqlite 2.6.0
[2020-10-19 20:25:42,354] <pid:848> [Database] Created tables and added current timestamp as last pull time
[2020-10-19 20:25:42,354] <pid:848> [CarbonBlackCloud] Initializing
[2020-10-19 20:25:42,355] <pid:848> [Proofpoint] Initializing
[2020-10-19 20:25:42,355] <pid:848> [Database] Getting last pull
[2020-10-19 20:25:42,355] <pid:848> [Proofpoint] Getting delivered messages within 2020-10-19T20:25:42Z/2020-10-19T19:55:42Z
[2020-10-19 20:25:42,358] <pid:848> Starting new HTTPS connection (1): tap-api-v2.proofpoint.com:443
[2020-10-19 20:25:43,180] <pid:848> https://tap-api-v2.proofpoint.com:443 "GET /v2/siem/messages/delivered?interval=2020-10-19T20%3A25%3A42Z%2F2020-10-19T19%3A55%3A42Z&format=JSON&threatType=attachment HTTP/1.1" 400 114
[2020-10-19 20:25:43,182] <pid:848> [Proofpoint] Unable to pull delivered messages: 400 The duration needs to be an ISO8601 formatted interval. 2020-10-19T20:25:42Z/2020-10-19T19:55:42Z isn't acceptable
[2020-10-19 20:37:13,764] <pid:934> [APP.PY] Sarted Proofpoint Connector for VMware Carbon Black Cloud
[2020-10-19 20:37:13,767] <pid:934> [Database] Initializing
[2020-10-19 20:37:13,767] <pid:934> [Database] Connecting to database: app.sql
[2020-10-19 20:37:13,768] <pid:934> [Database] Connected to app.sql using sqlite 2.6.0
[2020-10-19 20:37:13,769] <pid:934> [CarbonBlackCloud] Initializing
[2020-10-19 20:37:13,770] <pid:934> [Proofpoint] Initializing
[2020-10-19 20:37:13,770] <pid:934> [Database] Getting last pull
[2020-10-19 20:37:13,770] <pid:934> [Proofpoint] Getting delivered messages within 2020-10-19T20:25:42Z/2020-10-19T20:07:13Z
[2020-10-19 20:37:13,774] <pid:934> Starting new HTTPS connection (1): tap-api-v2.proofpoint.com:443
[2020-10-19 20:37:15,354] <pid:934> https://tap-api-v2.proofpoint.com:443 "GET /v2/siem/messages/delivered?interval=2020-10-19T20%3A25%3A42Z%2F2020-10-19T20%3A07%3A13Z&format=JSON&threatType=attachment HTTP/1.1" 400 114
[2020-10-19 20:37:15,356] <pid:934> [Proofpoint] Unable to pull delivered messages: 400 The duration needs to be an ISO8601 formatted interval. 2020-10-19T20:25:42Z/2020-10-19T20:07:13Z isn't acceptable
[2020-10-19 20:41:12,964] <pid:1196> [APP.PY] Sarted Proofpoint Connector for VMware Carbon Black Cloud
[2020-10-19 20:41:12,966] <pid:1196> [Database] Initializing
[2020-10-19 20:41:12,967] <pid:1196> [Database] Connecting to database: app.sql
[2020-10-19 20:41:12,967] <pid:1196> [Database] Connected to app.sql using sqlite 2.6.0
[2020-10-19 20:41:12,975] <pid:1196> [Database] Created tables and added current timestamp as last pull time
[2020-10-19 20:41:12,975] <pid:1196> [CarbonBlackCloud] Initializing
[2020-10-19 20:41:12,976] <pid:1196> [Proofpoint] Initializing
[2020-10-19 20:41:12,976] <pid:1196> [Database] Getting last pull
[2020-10-19 20:41:12,976] <pid:1196> [Proofpoint] Getting delivered messages within 2020-10-19T20:11:12Z/2020-10-19T20:11:12Z
[2020-10-19 20:41:12,979] <pid:1196> Starting new HTTPS connection (1): tap-api-v2.proofpoint.com:443
[2020-10-19 20:41:14,013] <pid:1196> https://tap-api-v2.proofpoint.com:443 "GET /v2/siem/messages/delivered?interval=2020-10-19T20%3A11%3A12Z%2F2020-10-19T20%3A11%3A12Z&format=JSON&threatType=attachment HTTP/1.1" 400 81
[2020-10-19 20:41:14,016] <pid:1196> [Proofpoint] Unable to pull delivered messages: 400 The requested interval is too short. Requests must be for at least 30.00s of data
[2020-10-19 20:41:48,493] <pid:1278> [APP.PY] Sarted Proofpoint Connector for VMware Carbon Black Cloud
[2020-10-19 20:41:48,497] <pid:1278> [Database] Initializing
[2020-10-19 20:41:48,497] <pid:1278> [Database] Connecting to database: app.sql
[2020-10-19 20:41:48,497] <pid:1278> [Database] Connected to app.sql using sqlite 2.6.0
[2020-10-19 20:41:48,498] <pid:1278> [CarbonBlackCloud] Initializing
[2020-10-19 20:41:48,499] <pid:1278> [Proofpoint] Initializing
[2020-10-19 20:41:48,499] <pid:1278> [Database] Getting last pull
[2020-10-19 20:41:48,499] <pid:1278> [Proofpoint] Getting delivered messages within 2020-10-19T20:11:12Z/2020-10-19T20:11:48Z
[2020-10-19 20:41:48,502] <pid:1278> Starting new HTTPS connection (1): tap-api-v2.proofpoint.com:443
[2020-10-19 20:41:50,342] <pid:1278> https://tap-api-v2.proofpoint.com:443 "GET /v2/siem/messages/delivered?interval=2020-10-19T20%3A11%3A12Z%2F2020-10-19T20%3A11%3A48Z&format=JSON&threatType=attachment HTTP/1.1" 200 83
[2020-10-19 20:41:50,346] <pid:1278> [Proofpoint] Found 0 malicious emails
[2020-10-19 20:41:50,346] <pid:1278> [Database] Updating last pull to 2020-10-19T20:11:48Z
[2020-10-19 20:41:50,350] <pid:1278> [Database] Updated last pull
[2020-10-19 20:41:50,350] <pid:1278> [Database] Closing connection
[2020-10-19 20:41:50,350] <pid:1278> [Database] Connection closed
[2020-10-19 20:46:47,975] <pid:1457> [APP.PY] Sarted Proofpoint Connector for VMware Carbon Black Cloud
[2020-10-19 20:46:47,979] <pid:1457> [Database] Initializing
[2020-10-19 20:46:47,979] <pid:1457> [Database] Connecting to database: app.sql
[2020-10-19 20:46:47,980] <pid:1457> [Database] Connected to app.sql using sqlite 2.6.0
[2020-10-19 20:46:47,980] <pid:1457> [CarbonBlackCloud] Initializing
[2020-10-19 20:46:47,981] <pid:1457> [Proofpoint] Initializing
[2020-10-19 20:46:47,981] <pid:1457> [Database] Getting last pull
[2020-10-19 20:46:47,981] <pid:1457> [Proofpoint] Getting delivered messages within 2020-10-19T20:11:48Z/2020-10-19T20:16:47Z
[2020-10-19 20:46:47,984] <pid:1457> Starting new HTTPS connection (1): tap-api-v2.proofpoint.com:443
[2020-10-19 20:46:48,741] <pid:1457> https://tap-api-v2.proofpoint.com:443 "GET /v2/siem/messages/delivered?interval=2020-10-19T20%3A11%3A48Z%2F2020-10-19T20%3A16%3A47Z&format=JSON&threatType=attachment HTTP/1.1" 200 83
[2020-10-19 20:46:48,745] <pid:1457> [Proofpoint] Found 0 malicious emails
[2020-10-19 20:46:48,745] <pid:1457> [Database] Updating last pull to 2020-10-19T20:16:47Z
[2020-10-19 20:46:48,750] <pid:1457> [Database] Updated last pull
[2020-10-19 20:46:48,751] <pid:1457> [Database] Closing connection
[2020-10-19 20:46:48,751] <pid:1457> [Database] Connection closed
[2020-10-19 20:49:39,051] <pid:1539> [APP.PY] Sarted Proofpoint Connector for VMware Carbon Black Cloud
[2020-10-19 20:49:39,055] <pid:1539> [Database] Initializing
[2020-10-19 20:49:39,055] <pid:1539> [Database] Connecting to database: app.sql
[2020-10-19 20:49:39,056] <pid:1539> [Database] Connected to app.sql using sqlite 2.6.0
[2020-10-19 20:49:39,056] <pid:1539> [CarbonBlackCloud] Initializing
[2020-10-19 20:49:39,057] <pid:1539> [Proofpoint] Initializing
[2020-10-19 20:49:39,057] <pid:1539> [Database] Getting last pull
[2020-10-19 20:49:39,057] <pid:1539> [Proofpoint] Getting delivered messages within 2020-10-19T20:16:47Z/2020-10-19T20:19:39Z
[2020-10-19 20:49:39,061] <pid:1539> Starting new HTTPS connection (1): tap-api-v2.proofpoint.com:443
[2020-10-19 20:49:40,014] <pid:1539> https://tap-api-v2.proofpoint.com:443 "GET /v2/siem/messages/delivered?interval=2020-10-19T20%3A16%3A47Z%2F2020-10-19T20%3A19%3A39Z&format=JSON&threatType=attachment HTTP/1.1" 200 83
[2020-10-19 20:49:40,019] <pid:1539> [Proofpoint] Found 0 malicious emails
[2020-10-19 20:49:40,019] <pid:1539> [Database] Updating last pull to 2020-10-19T20:19:39Z
[2020-10-19 20:49:40,023] <pid:1539> [Database] Updated last pull
[2020-10-19 20:49:40,024] <pid:1539> [Database] Closing connection
[2020-10-19 20:49:40,024] <pid:1539> [Database] Connection closed
[2020-10-19 20:49:42,370] <pid:1621> [APP.PY] Sarted Proofpoint Connector for VMware Carbon Black Cloud
[2020-10-19 20:49:42,373] <pid:1621> [Database] Initializing
[2020-10-19 20:49:42,374] <pid:1621> [Database] Connecting to database: app.sql
[2020-10-19 20:49:42,374] <pid:1621> [Database] Connected to app.sql using sqlite 2.6.0
[2020-10-19 20:49:42,375] <pid:1621> [CarbonBlackCloud] Initializing
[2020-10-19 20:49:42,375] <pid:1621> [Proofpoint] Initializing
[2020-10-19 20:49:42,376] <pid:1621> [Database] Getting last pull
[2020-10-19 20:49:42,376] <pid:1621> [Proofpoint] Getting delivered messages within 2020-10-19T20:19:39Z/2020-10-19T20:19:42Z
[2020-10-19 20:49:42,379] <pid:1621> Starting new HTTPS connection (1): tap-api-v2.proofpoint.com:443
[2020-10-19 20:49:42,945] <pid:1621> https://tap-api-v2.proofpoint.com:443 "GET /v2/siem/messages/delivered?interval=2020-10-19T20%3A19%3A39Z%2F2020-10-19T20%3A19%3A42Z&format=JSON&threatType=attachment HTTP/1.1" 400 81
[2020-10-19 20:49:42,950] <pid:1621> [Proofpoint] Unable to pull delivered messages: 400 The requested interval is too short. Requests must be for at least 30.00s of data
[2020-10-19 21:35:20,213] <pid:2692> [APP.PY] Sarted Proofpoint Connector for VMware Carbon Black Cloud
[2020-10-19 21:35:20,215] <pid:2692> [Database] Initializing
[2020-10-19 21:35:20,216] <pid:2692> [Database] Connecting to database: app.sql
[2020-10-19 21:35:20,216] <pid:2692> [Database] Connected to app.sql using sqlite 2.6.0
[2020-10-19 21:35:20,217] <pid:2692> [CarbonBlackCloud] Initializing
[2020-10-19 21:35:20,217] <pid:2692> [Proofpoint] Initializing
[2020-10-19 21:35:20,217] <pid:2692> [Database] Getting last pull
[2020-10-19 21:35:45,041] <pid:3487> [APP.PY] Sarted Proofpoint Connector for VMware Carbon Black Cloud
[2020-10-19 21:35:45,043] <pid:3487> [Database] Initializing
[2020-10-19 21:35:45,044] <pid:3487> [Database] Connecting to database: app.sql
[2020-10-19 21:35:45,044] <pid:3487> [Database] Connected to app.sql using sqlite 2.6.0
[2020-10-19 21:35:45,045] <pid:3487> [CarbonBlackCloud] Initializing
[2020-10-19 21:35:45,045] <pid:3487> [Proofpoint] Initializing
[2020-10-19 21:35:45,045] <pid:3487> [Database] Getting last pull
[2020-10-19 21:36:22,561] <pid:3783> [APP.PY] Sarted Proofpoint Connector for VMware Carbon Black Cloud
[2020-10-19 21:36:22,565] <pid:3783> [Database] Initializing
[2020-10-19 21:36:22,565] <pid:3783> [Database] Connecting to database: app.sql
[2020-10-19 21:36:22,565] <pid:3783> [Database] Connected to app.sql using sqlite 2.6.0
[2020-10-19 21:36:22,566] <pid:3783> [CarbonBlackCloud] Initializing
[2020-10-19 21:36:22,566] <pid:3783> [Proofpoint] Initializing
[2020-10-19 21:36:22,567] <pid:3783> [Database] Getting last pull
[2020-10-19 21:36:22,567] <pid:3783> [Proofpoint] Getting delivered messages within 2020-10-19T20:19:39Z/2020-10-19T21:06:22Z
[2020-10-19 21:36:22,570] <pid:3783> Starting new HTTPS connection (1): tap-api-v2.proofpoint.com:443
[2020-10-19 21:36:23,398] <pid:3783> https://tap-api-v2.proofpoint.com:443 "GET /v2/siem/messages/delivered?interval=2020-10-19T20%3A19%3A39Z%2F2020-10-19T21%3A06%3A22Z&format=JSON&threatType=attachment HTTP/1.1" 200 83
[2020-10-19 21:36:23,403] <pid:3783> [Proofpoint] Found 0 malicious emails
[2020-10-19 21:36:23,403] <pid:3783> [Database] Updating last pull to 2020-10-19T21:06:22Z
[2020-10-19 21:36:23,407] <pid:3783> [Database] Updated last pull
[2020-10-19 21:36:23,407] <pid:3783> [Database] Closing connection
[2020-10-19 21:36:23,407] <pid:3783> [Database] Connection closed
[2020-10-19 21:36:35,796] <pid:3865> [APP.PY] Sarted Proofpoint Connector for VMware Carbon Black Cloud
[2020-10-19 21:36:35,799] <pid:3865> [Database] Initializing
[2020-10-19 21:36:35,800] <pid:3865> [Database] Connecting to database: app.sql
[2020-10-19 21:36:35,800] <pid:3865> [Database] Connected to app.sql using sqlite 2.6.0
[2020-10-19 21:36:35,801] <pid:3865> [CarbonBlackCloud] Initializing
[2020-10-19 21:36:35,801] <pid:3865> [Proofpoint] Initializing
[2020-10-19 21:36:35,801] <pid:3865> [Database] Getting last pull
[2020-10-19 21:36:35,802] <pid:3865> [Proofpoint] Getting delivered messages within 2020-10-19T21:06:22Z/2020-10-19T21:06:35Z
[2020-10-19 21:36:35,805] <pid:3865> Starting new HTTPS connection (1): tap-api-v2.proofpoint.com:443
[2020-10-19 21:36:36,342] <pid:3865> https://tap-api-v2.proofpoint.com:443 "GET /v2/siem/messages/delivered?interval=2020-10-19T21%3A06%3A22Z%2F2020-10-19T21%3A06%3A35Z&format=JSON&threatType=attachment HTTP/1.1" 400 81
[2020-10-19 21:36:36,346] <pid:3865> [Proofpoint] Unable to pull delivered messages: 400 The requested interval is too short. Requests must be for at least 30.00s of data
[2020-10-19 21:36:45,415] <pid:3947> [APP.PY] Sarted Proofpoint Connector for VMware Carbon Black Cloud
[2020-10-19 21:36:45,419] <pid:3947> [Database] Initializing
[2020-10-19 21:36:45,419] <pid:3947> [Database] Connecting to database: app.sql
[2020-10-19 21:36:45,419] <pid:3947> [Database] Connected to app.sql using sqlite 2.6.0
[2020-10-19 21:36:45,420] <pid:3947> [CarbonBlackCloud] Initializing
[2020-10-19 21:36:45,421] <pid:3947> [Proofpoint] Initializing
[2020-10-19 21:36:45,421] <pid:3947> [Database] Getting last pull
[2020-10-19 21:36:45,421] <pid:3947> [Proofpoint] Getting delivered messages within 2020-10-19T21:06:22Z/2020-10-19T21:06:45Z
[2020-10-19 21:36:45,424] <pid:3947> Starting new HTTPS connection (1): tap-api-v2.proofpoint.com:443
[2020-10-19 21:36:45,855] <pid:3947> https://tap-api-v2.proofpoint.com:443 "GET /v2/siem/messages/delivered?interval=2020-10-19T21%3A06%3A22Z%2F2020-10-19T21%3A06%3A45Z&format=JSON&threatType=attachment HTTP/1.1" 400 81
[2020-10-19 21:36:45,858] <pid:3947> [Proofpoint] Unable to pull delivered messages: 400 The requested interval is too short. Requests must be for at least 30.00s of data
[2020-10-19 21:36:52,227] <pid:4029> [APP.PY] Sarted Proofpoint Connector for VMware Carbon Black Cloud
[2020-10-19 21:36:52,231] <pid:4029> [Database] Initializing
[2020-10-19 21:36:52,231] <pid:4029> [Database] Connecting to database: app.sql
[2020-10-19 21:36:52,232] <pid:4029> [Database] Connected to app.sql using sqlite 2.6.0
[2020-10-19 21:36:52,232] <pid:4029> [CarbonBlackCloud] Initializing
[2020-10-19 21:36:52,233] <pid:4029> [Proofpoint] Initializing
[2020-10-19 21:36:52,233] <pid:4029> [Database] Getting last pull
[2020-10-19 21:36:52,233] <pid:4029> [Proofpoint] Getting delivered messages within 2020-10-19T21:06:22Z/2020-10-19T21:06:52Z
[2020-10-19 21:36:52,237] <pid:4029> Starting new HTTPS connection (1): tap-api-v2.proofpoint.com:443
[2020-10-19 21:36:52,656] <pid:4029> https://tap-api-v2.proofpoint.com:443 "GET /v2/siem/messages/delivered?interval=2020-10-19T21%3A06%3A22Z%2F2020-10-19T21%3A06%3A52Z&format=JSON&threatType=attachment HTTP/1.1" 200 83
[2020-10-19 21:36:52,660] <pid:4029> [Proofpoint] Found 0 malicious emails
[2020-10-19 21:36:52,660] <pid:4029> [Database] Updating last pull to 2020-10-19T21:06:52Z
[2020-10-19 21:36:52,664] <pid:4029> [Database] Updated last pull
[2020-10-19 21:36:52,664] <pid:4029> [Database] Closing connection
[2020-10-19 21:36:52,665] <pid:4029> [Database] Connection closed
[2020-10-19 22:45:29,590] <pid:4441> [APP.PY] Sarted Proofpoint Connector for VMware Carbon Black Cloud
[2020-10-19 22:45:29,595] <pid:4441> [Database] Initializing
[2020-10-19 22:45:29,596] <pid:4441> [Database] Connecting to database: app.sql
[2020-10-19 22:45:29,597] <pid:4441> [Database] Connected to app.sql using sqlite 2.6.0
[2020-10-19 22:45:29,598] <pid:4441> [CarbonBlackCloud] Initializing
[2020-10-19 22:45:29,599] <pid:4441> [Proofpoint] Initializing
[2020-10-19 22:45:29,599] <pid:4441> [Database] Getting last pull
[2020-10-19 22:45:29,600] <pid:4441> [Proofpoint] Getting delivered messages within 2020-10-19T21:06:52Z/2020-10-19T22:15:29Z
[2020-10-19 22:45:29,605] <pid:4441> Starting new HTTPS connection (1): tap-api-v2.proofpoint.com:443
[2020-10-19 22:45:30,230] <pid:4441> https://tap-api-v2.proofpoint.com:443 "GET /v2/siem/messages/delivered?interval=2020-10-19T21%3A06%3A52Z%2F2020-10-19T22%3A15%3A29Z&format=JSON&threatType=attachment HTTP/1.1" 400 83
[2020-10-19 22:45:30,234] <pid:4441> [Proofpoint] Unable to pull delivered messages: 400 The requested interval is too large. Requests for 1.00h of information are accepted
[2020-10-20 00:42:12,909] <pid:19283> [APP.PY] Sarted Proofpoint Connector for VMware Carbon Black Cloud
[2020-10-20 00:44:53,352] <pid:22171> 

[APP.PY] Sarted Proofpoint Connector for VMware Carbon Black Cloud
[2020-10-20 00:44:58,900] <pid:22253> 

[APP.PY] Sarted Proofpoint Connector for VMware Carbon Black Cloud
[2020-10-20 00:45:11,396] <pid:22521> 

[APP.PY] Sarted Proofpoint Connector for VMware Carbon Black Cloud
[2020-10-20 00:45:54,030] <pid:23048> 

[APP.PY] Sarted Proofpoint Connector for VMware Carbon Black Cloud
[2020-10-20 00:46:38,351] <pid:24062> 

[APP.PY] Sarted Proofpoint Connector for VMware Carbon Black Cloud
